<?xml version="1.0" encoding="UTF-8"?>
<!-- Generated by org.testng.reporters.JUnitReportReporter -->
<testsuite skipped="0" hostname="Admin-PC" name="org.automation.dd.facebook.testcases.TC_001_ValidateLoginFunctionality" tests="5" failures="0" timestamp="29 May 2019 12:32:04 GMT" time="179.110" errors="0">
  <testcase name="tc_001_login" time="32.931" classname="org.automation.dd.facebook.testcases.TC_001_ValidateLoginFunctionality"/>
  <testcase name="tc_001_login" time="43.517" classname="org.automation.dd.facebook.testcases.TC_001_ValidateLoginFunctionality"/>
  <testcase name="tc_001_login" time="15.094" classname="org.automation.dd.facebook.testcases.TC_001_ValidateLoginFunctionality"/>
  <testcase name="tc_001_login" time="28.362" classname="org.automation.dd.facebook.testcases.TC_001_ValidateLoginFunctionality"/>
  <testcase name="tc_001_login" time="59.206" classname="org.automation.dd.facebook.testcases.TC_001_ValidateLoginFunctionality"/>
</testsuite> <!-- org.automation.dd.facebook.testcases.TC_001_ValidateLoginFunctionality -->
