<?xml version="1.0" encoding="UTF-8"?>
<!-- Generated by org.testng.reporters.JUnitReportReporter -->
<testsuite skipped="1" hostname="Admin-PC" name="org.automation.dd.facebook.testcases.TC_002_RegisterForm_FB" tests="1" failures="0" timestamp="29 May 2019 14:34:51 GMT" time="0.000" errors="0">
  <testcase name="tc_002_RegForm" time="0.000" classname="org.automation.dd.facebook.testcases.TC_002_RegisterForm_FB">
    <skipped/>
  </testcase> <!-- tc_002_RegForm -->
</testsuite> <!-- org.automation.dd.facebook.testcases.TC_002_RegisterForm_FB -->
